#
# There is insufficient memory for the Java Runtime Environment to continue.
# Native memory allocation (mmap) failed to map 132120576 bytes. Error detail: G1 virtual space
# Possible reasons:
#   The system is out of physical RAM or swap space
#   This process is running with CompressedOops enabled, and the Java Heap may be blocking the growth of the native heap
# Possible solutions:
#   Reduce memory load on the system
#   Increase physical memory or swap space
#   Check if swap backing store is full
#   Decrease Java heap size (-Xmx/-Xms)
#   Decrease number of Java threads
#   Decrease Java thread stack sizes (-Xss)
#   Set larger code cache with -XX:ReservedCodeCacheSize=
#   JVM is running with Unscaled Compressed Oops mode in which the Java heap is
#     placed in the first 4GB address space. The Java Heap base address is the
#     maximum limit for the native heap growth. Please use -XX:HeapBaseMinAddress
#     to set the Java Heap base and to place the Java Heap above 4GB virtual address.
# This output file may be truncated or incomplete.
#
#  Out of Memory Error (os_windows.cpp:3828), pid=3448, tid=24352
#
# JRE version:  (21.0.5+8) (build )
# Java VM: OpenJDK 64-Bit Server VM (21.0.5+8-b631.30, mixed mode, sharing, tiered, compressed oops, compressed class ptrs, g1 gc, windows-amd64)
# No core dump will be written. Minidumps are not enabled by default on client versions of Windows
#

---------------  S U M M A R Y ------------

Command Line: git4idea.http.GitAskPassApp Username for 'https://github.com': 

Host: Intel(R) Core(TM) i5-10210U CPU @ 1.60GHz, 8 cores, 7G,  Windows 10 , 64 bit Build 19041 (10.0.19041.5198)
Time: Sun Feb  2 21:07:19 2025  Windows 10 , 64 bit Build 19041 (10.0.19041.5198) elapsed time: 0.452482 seconds (0d 0h 0m 0s)

---------------  T H R E A D  ---------------

Current thread (0x000001c76d6358c0):  JavaThread "Unknown thread" [_thread_in_vm, id=24352, stack(0x00000073e7300000,0x00000073e7400000) (1024K)]

Stack: [0x00000073e7300000,0x00000073e7400000]
Native frames: (J=compiled Java code, j=interpreted, Vv=VM code, C=native code)
V  [jvm.dll+0x6e52b9]
V  [jvm.dll+0x8c3633]
V  [jvm.dll+0x8c5b8e]
V  [jvm.dll+0x8c6273]
V  [jvm.dll+0x288f46]
V  [jvm.dll+0x6e1a35]
V  [jvm.dll+0x6d5e3a]
V  [jvm.dll+0x3634bb]
V  [jvm.dll+0x36b086]
V  [jvm.dll+0x3bd346]
V  [jvm.dll+0x3bd618]
V  [jvm.dll+0x335c2c]
V  [jvm.dll+0x33691b]
V  [jvm.dll+0x88aa89]
V  [jvm.dll+0x3ca518]
V  [jvm.dll+0x873b98]
V  [jvm.dll+0x45eede]
V  [jvm.dll+0x460bc1]
C  [jli.dll+0x52ab]
C  [ucrtbase.dll+0x21bb2]
C  [KERNEL32.DLL+0x17374]
C  [ntdll.dll+0x4cc91]


---------------  P R O C E S S  ---------------

Threads class SMR info:
_java_thread_list=0x00007ffb3d0da148, length=0, elements={
}

Java Threads: ( => current thread )
Total: 0

Other Threads:
  0x000001c76d686ee0 WorkerThread "GC Thread#0"                     [id=17136, stack(0x00000073e7400000,0x00000073e7500000) (1024K)]
  0x000001c76d697940 ConcurrentGCThread "G1 Main Marker"            [id=2908, stack(0x00000073e7500000,0x00000073e7600000) (1024K)]
  0x000001c76d698440 WorkerThread "G1 Conc#0"                       [id=13100, stack(0x00000073e7600000,0x00000073e7700000) (1024K)]

[error occurred during error reporting (printing all threads), id 0xc0000005, EXCEPTION_ACCESS_VIOLATION (0xc0000005) at pc=0x00007ffb3c7c8ce7]
VM state: not at safepoint (not fully initialized)

VM Mutex/Monitor currently owned by a thread:  ([mutex/lock_event])
[0x00007ffb3d14eb30] Heap_lock - owner thread: 0x000001c76d6358c0

Heap address: 0x0000000082c00000, size: 2004 MB, Compressed Oops mode: 32-bit

CDS archive(s) mapped at: [0x0000000000000000-0x0000000000000000-0x0000000000000000), size 0, SharedBaseAddress: 0x0000000800000000, ArchiveRelocationMode: 1.
Narrow klass base: 0x0000000000000000, Narrow klass shift: 0, Narrow klass range: 0x0

GC Precious Log:
 CardTable entry size: 512
 Card Set container configuration: InlinePtr #cards 5 size 8 Array Of Cards #cards 12 size 40 Howl #buckets 4 coarsen threshold 1843 Howl Bitmap #cards 512 size 80 coarsen threshold 460 Card regions per heap region 1 cards per card region 2048

Heap:
 garbage-first heap   total 0K, used 0K [0x0000000082c00000, 0x0000000100000000)
  region size 1024K, 0 young (0K), 0 survivors (0K)
 Metaspace       used 0K, committed 0K, reserved 0K
  class space    used 0K, committed 0K, reserved 0K

Heap Regions: E=young(eden), S=young(survivor), O=old, HS=humongous(starts), HC=humongous(continues), CS=collection set, F=free, TAMS=top-at-mark-start, PB=parsable bottom

Card table byte_map: [0x000001c771cf0000,0x000001c7720e0000] _byte_map_base: 0x000001c7718da000

Marking Bits: (CMBitMap*) 0x000001c76d6875e0
 Bits: [0x000001c7720e0000, 0x000001c774030000)

GC Heap History (0 events):
No events

Dll operation events (1 events):
Event: 0.113 Loaded shared library D:\pycharm\PyCharm 2024.3.2\jbr\bin\java.dll

Deoptimization events (0 events):
No events

Classes loaded (0 events):
No events

Classes unloaded (0 events):
No events

Classes redefined (0 events):
No events

Internal exceptions (0 events):
No events

ZGC Phase Switch (0 events):
No events

VM Operations (0 events):
No events

Memory protections (0 events):
No events

Nmethod flushes (0 events):
No events

Events (0 events):
No events


Dynamic libraries:
0x00007ff6a3de0000 - 0x00007ff6a3dea000 	D:\pycharm\PyCharm 2024.3.2\jbr\bin\java.exe
0x00007ffbb1310000 - 0x00007ffbb1508000 	C:\Windows\SYSTEM32\ntdll.dll
0x00007ffbb1000000 - 0x00007ffbb10c2000 	C:\Windows\System32\KERNEL32.DLL
0x00007ffbaef50000 - 0x00007ffbaf24f000 	C:\Windows\System32\KERNELBASE.dll
0x00007ffba60f0000 - 0x00007ffba6184000 	C:\Windows\SYSTEM32\apphelp.dll
0x00007ffbaec40000 - 0x00007ffbaed40000 	C:\Windows\System32\ucrtbase.dll
0x00007ffba7740000 - 0x00007ffba775b000 	D:\pycharm\PyCharm 2024.3.2\jbr\bin\VCRUNTIME140.dll
0x00007ffb848e0000 - 0x00007ffb848f8000 	D:\pycharm\PyCharm 2024.3.2\jbr\bin\jli.dll
0x00007ffbb0a90000 - 0x00007ffbb0c2d000 	C:\Windows\System32\USER32.dll
0x00007ffbaf2f0000 - 0x00007ffbaf312000 	C:\Windows\System32\win32u.dll
0x00007ffb96e10000 - 0x00007ffb970aa000 	C:\Windows\WinSxS\amd64_microsoft.windows.common-controls_6595b64144ccf1df_6.0.19041.4355_none_60b8b9eb71f62e16\COMCTL32.dll
0x00007ffbaf470000 - 0x00007ffbaf49b000 	C:\Windows\System32\GDI32.dll
0x00007ffbb0f60000 - 0x00007ffbb0ffe000 	C:\Windows\System32\msvcrt.dll
0x00007ffbaeb20000 - 0x00007ffbaec37000 	C:\Windows\System32\gdi32full.dll
0x00007ffbaf250000 - 0x00007ffbaf2ed000 	C:\Windows\System32\msvcp_win.dll
0x00007ffbb0f20000 - 0x00007ffbb0f4f000 	C:\Windows\System32\IMM32.DLL
0x00007ffba77f0000 - 0x00007ffba77fc000 	D:\pycharm\PyCharm 2024.3.2\jbr\bin\vcruntime140_1.dll
0x00007ffb59300000 - 0x00007ffb5938d000 	D:\pycharm\PyCharm 2024.3.2\jbr\bin\msvcp140.dll
0x00007ffb3c480000 - 0x00007ffb3d241000 	D:\pycharm\PyCharm 2024.3.2\jbr\bin\server\jvm.dll
0x00007ffbb0c30000 - 0x00007ffbb0ce1000 	C:\Windows\System32\ADVAPI32.dll
0x00007ffbaf320000 - 0x00007ffbaf3bf000 	C:\Windows\System32\sechost.dll
0x00007ffbb10d0000 - 0x00007ffbb11f3000 	C:\Windows\System32\RPCRT4.dll
0x00007ffbae9a0000 - 0x00007ffbae9c7000 	C:\Windows\System32\bcrypt.dll
0x00007ffbb1200000 - 0x00007ffbb126b000 	C:\Windows\System32\WS2_32.dll
0x00007ffbadf30000 - 0x00007ffbadf7b000 	C:\Windows\SYSTEM32\POWRPROF.dll
0x00007ffb999a0000 - 0x00007ffb999c7000 	C:\Windows\SYSTEM32\WINMM.dll
0x00007ffba6b90000 - 0x00007ffba6b9a000 	C:\Windows\SYSTEM32\VERSION.dll
0x00007ffbadda0000 - 0x00007ffbaddb2000 	C:\Windows\SYSTEM32\UMPDC.dll
0x00007ffbad1f0000 - 0x00007ffbad202000 	C:\Windows\SYSTEM32\kernel.appcore.dll
0x00007ffba77c0000 - 0x00007ffba77ca000 	D:\pycharm\PyCharm 2024.3.2\jbr\bin\jimage.dll
0x00007ffba90d0000 - 0x00007ffba92b4000 	C:\Windows\SYSTEM32\DBGHELP.DLL
0x00007ffb844d0000 - 0x00007ffb84504000 	C:\Windows\SYSTEM32\dbgcore.DLL
0x00007ffbaea20000 - 0x00007ffbaeaa2000 	C:\Windows\System32\bcryptPrimitives.dll
0x00007ffba76e0000 - 0x00007ffba7700000 	D:\pycharm\PyCharm 2024.3.2\jbr\bin\java.dll

dbghelp: loaded successfully - version: 4.0.5 - missing functions: none
symbol engine: initialized successfully - sym options: 0x614 - pdb path: .;D:\pycharm\PyCharm 2024.3.2\jbr\bin;C:\Windows\SYSTEM32;C:\Windows\WinSxS\amd64_microsoft.windows.common-controls_6595b64144ccf1df_6.0.19041.4355_none_60b8b9eb71f62e16;D:\pycharm\PyCharm 2024.3.2\jbr\bin\server

VM Arguments:
java_command: git4idea.http.GitAskPassApp Username for 'https://github.com': 
java_class_path (initial): D:/pycharm/PyCharm 2024.3.2/plugins/vcs-git/lib/git4idea-rt.jar;D:/pycharm/PyCharm 2024.3.2/lib/externalProcess-rt.jar
Launcher Type: SUN_STANDARD

[Global flags]
     intx CICompilerCount                          = 4                                         {product} {ergonomic}
     uint ConcGCThreads                            = 2                                         {product} {ergonomic}
     uint G1ConcRefinementThreads                  = 8                                         {product} {ergonomic}
   size_t G1HeapRegionSize                         = 1048576                                   {product} {ergonomic}
    uintx GCDrainStackTargetSize                   = 64                                        {product} {ergonomic}
   size_t InitialHeapSize                          = 132120576                                 {product} {ergonomic}
   size_t MarkStackSize                            = 4194304                                   {product} {ergonomic}
   size_t MaxHeapSize                              = 2101346304                                {product} {ergonomic}
   size_t MinHeapDeltaBytes                        = 1048576                                   {product} {ergonomic}
   size_t MinHeapSize                              = 8388608                                   {product} {ergonomic}
    uintx NonNMethodCodeHeapSize                   = 5839372                                {pd product} {ergonomic}
    uintx NonProfiledCodeHeapSize                  = 122909434                              {pd product} {ergonomic}
    uintx ProfiledCodeHeapSize                     = 122909434                              {pd product} {ergonomic}
    uintx ReservedCodeCacheSize                    = 251658240                              {pd product} {ergonomic}
     bool SegmentedCodeCache                       = true                                      {product} {ergonomic}
   size_t SoftMaxHeapSize                          = 2101346304                             {manageable} {ergonomic}
     bool UseCompressedOops                        = true                           {product lp64_product} {ergonomic}
     bool UseG1GC                                  = true                                      {product} {ergonomic}
     bool UseLargePagesIndividualAllocation        = false                                  {pd product} {ergonomic}

Logging:
Log output configuration:
 #0: stdout all=warning uptime,level,tags foldmultilines=false
 #1: stderr all=off uptime,level,tags foldmultilines=false

Environment Variables:
PATH=C:\Program Files\Git\mingw64\libexec\git-core;C:\Program Files\Git\mingw64\libexec\git-core;C:\Program Files\Git\mingw64\bin;C:\Program Files\Git\usr\bin;C:\Users\admin\bin;D:\university_feedback\.venv\Scripts;C:\Program Files (x86)\Common Files\Oracle\Java\java8path;C:\Users\admin\AppData\Local\Programs\Python\Python312\Scripts;C:\Users\admin\AppData\Local\Programs\Python\Python312;C:\Program Files (x86)\Common Files\Intel\Shared Libraries\redist\intel64\compiler;C:\Windows\system32;C:\Windows;C:\Windows\System32\Wbem;C:\Windows\System32\WindowsPowerShell\v1.0;C:\Windows\System32\OpenSSH;C:\Program Files (x86)\NVIDIA Corporation\PhysX\Common;C:\Program Files\dotnet;C:\ProgramData\chocolatey\bin;C:\Users\admin\AppData\Roaming\npm;C:\Program Files (x86)\Windows Kits\10\Windows Performance Toolkit;C:\Program Files\NVIDIA Corporation\NVIDIA app\NvDLISR;C:\Program Files\Cloudflare\Cloudflare WARP;D:\nodejs;C:\Program Files\Git\cmd;D:\Ruby32-x64\bin;C:\Users\admin\AppData\Local\Programs\Python\Python311\Scripts;C:\Users\admin\AppData\Local\Programs\Python\Python311;C:\Users\admin\AppData\Local\Microsoft\WindowsApps;C:\Users\admin\AppData\Local\JetBrains\Toolbox\scripts;C:\Users\admin\AppData\Local\Microsoft\WinGet\Links;D:\WebStorm 2023.3.5\bin;D:\Новая папка\Pycharm\bin;C:\Program Files\nodejs;D:\Новая папка\CLion 2024.3.1\bin;C:\ffmpeg\bin;C:\Users\admin\AppData\Roaming\npm
USERNAME=admin
DISPLAY=:0.0
LC_ALL=en_US.UTF-8
TERM=xterm-256color
TMPDIR=C:\Users\admin\AppData\Local\Temp
OS=Windows_NT
PROCESSOR_IDENTIFIER=Intel64 Family 6 Model 142 Stepping 12, GenuineIntel
TMP=C:\Users\admin\AppData\Local\Temp
TEMP=C:\Users\admin\AppData\Local\Temp




Periodic native trim disabled

JNI global refs:
JNI global refs: 0, weak refs: 0

JNI global refs memory usage: 0, weak refs: 0

Process memory usage:
Resident Set Size: 11572K (0% of 8206324K total physical memory with 536260K free physical memory)

OOME stack traces (most recent first):
Classloader memory used:

---------------  S Y S T E M  ---------------

OS:
 Windows 10 , 64 bit Build 19041 (10.0.19041.5198)
OS uptime: 13 days 10:42 hours

CPU: total 8 (initial active 8) (4 cores per cpu, 2 threads per core) family 6 model 142 stepping 12 microcode 0xea, cx8, cmov, fxsr, ht, mmx, 3dnowpref, sse, sse2, sse3, ssse3, sse4.1, sse4.2, popcnt, lzcnt, tsc, tscinvbit, avx, avx2, aes, erms, clmul, bmi1, bmi2, adx, fma, vzeroupper, clflush, clflushopt, rdtscp, f16c
Processor Information for all 8 processors :
  Max Mhz: 2112, Current Mhz: 1609, Mhz Limit: 1605

Memory: 4k page, system-wide physical 8013M (524M free)
TotalPageFile size 20962M (AvailPageFile size 80M)
current process WorkingSet (physical memory assigned to process): 11M, peak: 11M
current process commit charge ("private bytes"): 60M, peak: 186M

vm_info: OpenJDK 64-Bit Server VM (21.0.5+8-b631.30) for windows-amd64 JRE (21.0.5+8-b631.30), built on 2024-12-06 by "builduser" with MS VC++ 16.10 / 16.11 (VS2019)

END.
